<?xml version="1.0" encoding="UTF-8"?>
<testsuite name="io.turntabl.email.EmailApplicationTests" tests="1" skipped="0" failures="0" errors="0" timestamp="2019-11-21T17:26:07" hostname="sammy" time="0.036">
  <properties/>
  <testcase name="contextLoads()" classname="io.turntabl.email.EmailApplicationTests" time="0.036"/>
  <system-out><![CDATA[]]></system-out>
  <system-err><![CDATA[]]></system-err>
</testsuite>
